Línea 52: la clase MSMask.MaskEdBox del control fecorden no era una clase de control cargada.
Línea 332: la clase MSMask.MaskEdBox del control Vencimiento no era una clase de control cargada.
Línea 356: la clase MSMask.MaskEdBox del control Fecha no era una clase de control cargada.
Línea 430: la clase MSDBGrid.DBGrid del control DBGrid1 no era una clase de control cargada.
Línea 438: la clase Crystal.CrystalReport del control Listado no era una clase de control cargada.
Línea 58: el nombre de la propiedad _ExtentX de fecorden no es válido.
Línea 59: el nombre de la propiedad _ExtentY de fecorden no es válido.
Línea 60: el nombre de la propiedad _Version de fecorden no es válido.
Línea 61: el nombre de la propiedad MaxLength de fecorden no es válido.
Línea 62: el nombre de la propiedad Mask de fecorden no es válido.
Línea 63: el nombre de la propiedad PromptChar de fecorden no es válido.
Línea 338: el nombre de la propiedad _ExtentX de Vencimiento no es válido.
Línea 339: el nombre de la propiedad _ExtentY de Vencimiento no es válido.
Línea 340: el nombre de la propiedad _Version de Vencimiento no es válido.
Línea 342: el nombre de la propiedad MaxLength de Vencimiento no es válido.
Línea 343: el nombre de la propiedad Mask de Vencimiento no es válido.
Línea 344: el nombre de la propiedad PromptChar de Vencimiento no es válido.
Línea 362: el nombre de la propiedad _ExtentX de Fecha no es válido.
Línea 363: el nombre de la propiedad _ExtentY de Fecha no es válido.
Línea 364: el nombre de la propiedad _Version de Fecha no es válido.
Línea 365: el nombre de la propiedad MaxLength de Fecha no es válido.
Línea 366: el nombre de la propiedad Mask de Fecha no es válido.
Línea 367: el nombre de la propiedad PromptChar de Fecha no es válido.
Línea 433: el nombre de la propiedad OleObjectBlob de DBGrid1 no es válido.
Línea 441: el nombre de la propiedad _ExtentX de Listado no es válido.
Línea 442: el nombre de la propiedad _ExtentY de Listado no es válido.
Línea 443: el nombre de la propiedad _Version de Listado no es válido.
Línea 444: el nombre de la propiedad ReportFileName de Listado no es válido.
